--------------------
./configure --prefix=/home/coolshou/develop/embbed/Iomega/screenplay-dx/core_repos/src/libs/../../build/binary/third_party_build/ --shared
三  7月  8 00:35:32 CST 2015
=== ztest28630.c ===
extern int getchar();
int hello() {return getchar();}
===
/opt/mips-4.3/bin//mipsel-linux-gcc -c ztest28630.c
... using gcc

Checking for obsessive-compulsive compiler options...
=== ztest28630.c ===
int foo() { return 0; }
===
/opt/mips-4.3/bin//mipsel-linux-gcc -c -O3 ztest28630.c

Checking for shared library support...
=== ztest28630.c ===
extern int getchar();
int hello() {return getchar();}
===
/opt/mips-4.3/bin//mipsel-linux-gcc -w -c -O3 -fPIC ztest28630.c
/opt/mips-4.3/bin//mipsel-linux-gcc -shared -Wl,-soname,libz.so.1,--version-script,zlib.map -O3 -fPIC -o ztest28630.so ztest28630.o
Building shared library libz.so.1.2.8 with /opt/mips-4.3/bin//mipsel-linux-gcc.

=== ztest28630.c ===
#include <sys/types.h>
off64_t dummy = 0;
===
/opt/mips-4.3/bin//mipsel-linux-gcc -c -O3 -D_LARGEFILE64_SOURCE=1 ztest28630.c
Checking for off64_t... Yes.
Checking for fseeko... Yes.

=== ztest28630.c ===
#include <string.h>
#include <errno.h>
int main() { return strlen(strerror(errno)); }
===
/opt/mips-4.3/bin//mipsel-linux-gcc -O3 -D_LARGEFILE64_SOURCE=1 -o ztest28630 ztest28630.c
Checking for strerror... Yes.

=== ztest28630.c ===
#include <unistd.h>
int main() { return 0; }
===
/opt/mips-4.3/bin//mipsel-linux-gcc -c -O3 -D_LARGEFILE64_SOURCE=1 ztest28630.c
Checking for unistd.h... Yes.

=== ztest28630.c ===
#include <stdarg.h>
int main() { return 0; }
===
/opt/mips-4.3/bin//mipsel-linux-gcc -c -O3 -D_LARGEFILE64_SOURCE=1 ztest28630.c
Checking for stdarg.h... Yes.

=== ztest28630.c ===
#include <stdio.h>
#include <stdarg.h>
#include "zconf.h"
int main()
{
#ifndef STDC
  choke me
#endif
  return 0;
}
===
/opt/mips-4.3/bin//mipsel-linux-gcc -c -O3 -D_LARGEFILE64_SOURCE=1 ztest28630.c
Checking whether to use vs[n]printf() or s[n]printf()... using vs[n]printf().

=== ztest28630.c ===
#include <stdio.h>
#include <stdarg.h>
int mytest(const char *fmt, ...)
{
  char buf[20];
  va_list ap;
  va_start(ap, fmt);
  vsnprintf(buf, sizeof(buf), fmt, ap);
  va_end(ap);
  return 0;
}
int main()
{
  return (mytest("Hello%d\n", 1));
}
===
/opt/mips-4.3/bin//mipsel-linux-gcc -O3 -D_LARGEFILE64_SOURCE=1 -o ztest28630 ztest28630.c
Checking for vsnprintf() in stdio.h... Yes.

=== ztest28630.c ===
#include <stdio.h>
#include <stdarg.h>
int mytest(const char *fmt, ...)
{
  int n;
  char buf[20];
  va_list ap;
  va_start(ap, fmt);
  n = vsnprintf(buf, sizeof(buf), fmt, ap);
  va_end(ap);
  return n;
}
int main()
{
  return (mytest("Hello%d\n", 1));
}
===
/opt/mips-4.3/bin//mipsel-linux-gcc -c -O3 -D_LARGEFILE64_SOURCE=1 ztest28630.c
Checking for return value of vsnprintf()... Yes.

=== ztest28630.c ===
#define ZLIB_INTERNAL __attribute__((visibility ("hidden")))
int ZLIB_INTERNAL foo;
int main()
{
  return 0;
}
===
/opt/mips-4.3/bin//mipsel-linux-gcc -c -O3 -D_LARGEFILE64_SOURCE=1 ztest28630.c
Checking for attribute(visibility) support... Yes.

ALL = static shared all64
AR = /opt/mips-4.3/bin//mipsel-linux-ar
ARFLAGS = rc
CC = /opt/mips-4.3/bin//mipsel-linux-gcc
CFLAGS = -O3 -D_LARGEFILE64_SOURCE=1 -DHAVE_HIDDEN
CPP = /opt/mips-4.3/bin//mipsel-linux-cpp -E
EXE =
LDCONFIG = ldconfig
LDFLAGS =
LDSHARED = /opt/mips-4.3/bin//mipsel-linux-gcc -shared -Wl,-soname,libz.so.1,--version-script,zlib.map
LDSHAREDLIBC = -lc
OBJC = $(OBJZ) $(OBJG)
PIC_OBJC = $(PIC_OBJZ) $(PIC_OBJG)
RANLIB = /opt/mips-4.3/bin//mipsel-linux-ranlib
SFLAGS = -O3 -fPIC -D_LARGEFILE64_SOURCE=1 -DHAVE_HIDDEN
SHAREDLIB = libz.so
SHAREDLIBM = libz.so.1
SHAREDLIBV = libz.so.1.2.8
STATICLIB = libz.a
TEST = all teststatic testshared test64
VER = 1.2.8
Z_U4 =
exec_prefix = ${prefix}
includedir = ${prefix}/include
libdir = ${exec_prefix}/lib
mandir = ${prefix}/share/man
prefix = /home/coolshou/develop/embbed/Iomega/screenplay-dx/core_repos/src/libs/../../build/binary/third_party_build/
sharedlibdir = ${libdir}
uname = Linux
--------------------


