Output of:
/opt/mips-4.3/bin//mipsel-linux-gcc -Wall -Wshadow -Wwrite-strings -Wundef -Wstrict-prototypes -Wunused -Wunused-parameter -Wold-style-definition -Wmissing-prototypes -Wmissing-declarations -Os -fno-builtin-strlen -finline-limit=0 -fomit-frame-pointer -ffunction-sections -fdata-sections -fno-guess-branch-probability -funsigned-char -static-libgcc -falign-functions=1 -falign-jumps=1 -falign-labels=1 -falign-loops=1 -Wdeclaration-after-statement -Wno-pointer-sign -static -o busybox_unstripped -Wl,--sort-common -Wl,--sort-section -Wl,alignment -Wl,--start-group applets/built-in.o archival/lib.a archival/libunarchive/lib.a console-tools/lib.a coreutils/lib.a coreutils/libcoreutils/lib.a debianutils/lib.a e2fsprogs/lib.a editors/lib.a findutils/lib.a init/lib.a libbb/lib.a libpwdgrp/lib.a loginutils/lib.a miscutils/lib.a modutils/lib.a networking/lib.a networking/libiproute/lib.a networking/udhcp/lib.a printutils/lib.a procps/lib.a runit/lib.a selinux/lib.a shell/lib.a sysklogd/lib.a util-linux/lib.a util-linux/volume_id/lib.a archival/built-in.o archival/libunarchive/built-in.o console-tools/built-in.o coreutils/built-in.o coreutils/libcoreutils/built-in.o debianutils/built-in.o e2fsprogs/built-in.o editors/built-in.o findutils/built-in.o init/built-in.o libbb/built-in.o libpwdgrp/built-in.o loginutils/built-in.o miscutils/built-in.o modutils/built-in.o networking/built-in.o networking/libiproute/built-in.o networking/udhcp/built-in.o printutils/built-in.o procps/built-in.o runit/built-in.o selinux/built-in.o shell/built-in.o sysklogd/built-in.o util-linux/built-in.o util-linux/volume_id/built-in.o -Wl,--end-group -Wl,--warn-common -Wl,-Map -Wl,busybox_unstripped.map -Wl,--verbose
==========
GNU ld (Sourcery G++ Lite 4.3-51) 2.18.50.20080215
  Supported emulations:
   elf32btsmip
   elf32ltsmip
   elf32btsmipn32
   elf64btsmip
   elf32ltsmipn32
   elf64ltsmip
using internal linker script:
==================================================
/* Script for -z combreloc: combine and sort reloc sections */
OUTPUT_FORMAT("elf32-tradbigmips", "elf32-tradbigmips",
	      "elf32-tradlittlemips")
OUTPUT_ARCH(mips)
ENTRY(__start)
SEARCH_DIR("=/usr/local/lib"); SEARCH_DIR("=/lib"); SEARCH_DIR("=/usr/lib");
SECTIONS
{
  /* Read-only sections, merged into text segment: */
  PROVIDE (__executable_start = 0x0400000); . = 0x0400000 + SIZEOF_HEADERS;
  .interp         : { *(.interp) }
  .reginfo        : { *(.reginfo) }
  .note.gnu.build-id : { *(.note.gnu.build-id) }
  .dynamic        : { *(.dynamic) }
  .hash           : { *(.hash) }
  .gnu.hash       : { *(.gnu.hash) }
  .dynsym         : { *(.dynsym) }
  .dynstr         : { *(.dynstr) }
  .gnu.version    : { *(.gnu.version) }
  .gnu.version_d  : { *(.gnu.version_d) }
  .gnu.version_r  : { *(.gnu.version_r) }
  .rel.dyn        :
    {
      *(.rel.init)
      *(.rel.text .rel.text.* .rel.gnu.linkonce.t.*)
      *(.rel.fini)
      *(.rel.rodata .rel.rodata.* .rel.gnu.linkonce.r.*)
      *(.rel.data.rel.ro* .rel.gnu.linkonce.d.rel.ro.*)
      *(.rel.data .rel.data.* .rel.gnu.linkonce.d.*)
      *(.rel.tdata .rel.tdata.* .rel.gnu.linkonce.td.*)
      *(.rel.tbss .rel.tbss.* .rel.gnu.linkonce.tb.*)
      *(.rel.ctors)
      *(.rel.dtors)
      *(.rel.got)
      *(.rel.dyn)
      *(.rel.sdata .rel.sdata.* .rel.gnu.linkonce.s.*)
      *(.rel.sbss .rel.sbss.* .rel.gnu.linkonce.sb.*)
      *(.rel.sdata2 .rel.sdata2.* .rel.gnu.linkonce.s2.*)
      *(.rel.sbss2 .rel.sbss2.* .rel.gnu.linkonce.sb2.*)
      *(.rel.bss .rel.bss.* .rel.gnu.linkonce.b.*)
    }
  .rela.dyn       :
    {
      *(.rela.init)
      *(.rela.text .rela.text.* .rela.gnu.linkonce.t.*)
      *(.rela.fini)
      *(.rela.rodata .rela.rodata.* .rela.gnu.linkonce.r.*)
      *(.rela.data .rela.data.* .rela.gnu.linkonce.d.*)
      *(.rela.tdata .rela.tdata.* .rela.gnu.linkonce.td.*)
      *(.rela.tbss .rela.tbss.* .rela.gnu.linkonce.tb.*)
      *(.rela.ctors)
      *(.rela.dtors)
      *(.rela.got)
      *(.rela.sdata .rela.sdata.* .rela.gnu.linkonce.s.*)
      *(.rela.sbss .rela.sbss.* .rela.gnu.linkonce.sb.*)
      *(.rela.sdata2 .rela.sdata2.* .rela.gnu.linkonce.s2.*)
      *(.rela.sbss2 .rela.sbss2.* .rela.gnu.linkonce.sb2.*)
      *(.rela.bss .rela.bss.* .rela.gnu.linkonce.b.*)
    }
  .rel.plt        : { *(.rel.plt) }
  .rela.plt       : { *(.rela.plt) }
  .init           :
  {
    KEEP (*(.init))
  } =0
  .plt            : { *(.plt) }
  .text           :
  {
    _ftext = . ;
    *(.text .stub .text.* .gnu.linkonce.t.*)
    /* .gnu.warning sections are handled specially by elf32.em.  */
    *(.gnu.warning)
    *(.mips16.fn.*) *(.mips16.call.*)
  } =0
  .fini           :
  {
    KEEP (*(.fini))
  } =0
  PROVIDE (__etext = .);
  PROVIDE (_etext = .);
  PROVIDE (etext = .);
  .rodata         : { *(.rodata .rodata.* .gnu.linkonce.r.*) }
  .rodata1        : { *(.rodata1) }
  .sdata2         :
  {
    *(.sdata2 .sdata2.* .gnu.linkonce.s2.*)
  }
  .sbss2          : { *(.sbss2 .sbss2.* .gnu.linkonce.sb2.*) }
  .eh_frame_hdr : { *(.eh_frame_hdr) }
  .eh_frame       : ONLY_IF_RO { KEEP (*(.eh_frame)) }
  .gcc_except_table   : ONLY_IF_RO { *(.gcc_except_table .gcc_except_table.*) }
  /* Adjust the address for the data segment.  We want to adjust up to
     the same address within the page on the next page up.  */
  . = ALIGN (CONSTANT (MAXPAGESIZE)) - ((CONSTANT (MAXPAGESIZE) - .) & (CONSTANT (MAXPAGESIZE) - 1)); . = DATA_SEGMENT_ALIGN (CONSTANT (MAXPAGESIZE), CONSTANT (COMMONPAGESIZE));
  /* Exception handling  */
  .eh_frame       : ONLY_IF_RW { KEEP (*(.eh_frame)) }
  .gcc_except_table   : ONLY_IF_RW { *(.gcc_except_table .gcc_except_table.*) }
  /* Thread Local Storage sections  */
  .tdata	  : { *(.tdata .tdata.* .gnu.linkonce.td.*) }
  .tbss		  : { *(.tbss .tbss.* .gnu.linkonce.tb.*) *(.tcommon) }
  .preinit_array     :
  {
    PROVIDE_HIDDEN (__preinit_array_start = .);
    KEEP (*(.preinit_array))
    PROVIDE_HIDDEN (__preinit_array_end = .);
  }
  .init_array     :
  {
     PROVIDE_HIDDEN (__init_array_start = .);
     KEEP (*(SORT(.init_array.*)))
     KEEP (*(.init_array))
     PROVIDE_HIDDEN (__init_array_end = .);
  }
  .fini_array     :
  {
    PROVIDE_HIDDEN (__fini_array_start = .);
    KEEP (*(.fini_array))
    KEEP (*(SORT(.fini_array.*)))
    PROVIDE_HIDDEN (__fini_array_end = .);
  }
  .ctors          :
  {
    /* gcc uses crtbegin.o to find the start of
       the constructors, so we make sure it is
       first.  Because this is a wildcard, it
       doesn't matter if the user does not
       actually link against crtbegin.o; the
       linker won't look for a file to match a
       wildcard.  The wildcard also means that it
       doesn't matter which directory crtbegin.o
       is in.  */
    KEEP (*crtbegin.o(.ctors))
    KEEP (*crtbegin?.o(.ctors))
    /* We don't want to include the .ctor section from
       the crtend.o file until after the sorted ctors.
       The .ctor section from the crtend file contains the
       end of ctors marker and it must be last */
    KEEP (*(EXCLUDE_FILE (*crtend.o *crtend?.o ) .ctors))
    KEEP (*(SORT(.ctors.*)))
    KEEP (*(.ctors))
  }
  .dtors          :
  {
    KEEP (*crtbegin.o(.dtors))
    KEEP (*crtbegin?.o(.dtors))
    KEEP (*(EXCLUDE_FILE (*crtend.o *crtend?.o ) .dtors))
    KEEP (*(SORT(.dtors.*)))
    KEEP (*(.dtors))
  }
  .jcr            : { KEEP (*(.jcr)) }
  .data.rel.ro : { *(.data.rel.ro.local* .gnu.linkonce.d.rel.ro.local.*) *(.data.rel.ro* .gnu.linkonce.d.rel.ro.*) }
  . = DATA_SEGMENT_RELRO_END (0, .);
  .got.plt        : { *(.got.plt) }
  .data           :
  {
    _fdata = . ;
    *(.data .data.* .gnu.linkonce.d.*)
    SORT(CONSTRUCTORS)
  }
  .data1          : { *(.data1) }
  . = .;
  _gp = ALIGN(16) + 0x7ff0;
  .got            : { *(.got) }
  /* We want the small data sections together, so single-instruction offsets
     can access them all, and initialized data all before uninitialized, so
     we can shorten the on-disk segment size.  */
  .sdata          :
  {
    *(.sdata .sdata.* .gnu.linkonce.s.*)
  }
  .lit8           : { *(.lit8) }
  .lit4           : { *(.lit4) }
  _edata = .; PROVIDE (edata = .);
  __bss_start = .;
  _fbss = .;
  .sbss           :
  {
    *(.dynsbss)
    *(.sbss .sbss.* .gnu.linkonce.sb.*)
    *(.scommon)
  }
  .bss            :
  {
   *(.dynbss)
   *(.bss .bss.* .gnu.linkonce.b.*)
   *(COMMON)
   /* Align here to ensure that the .bss section occupies space up to
      _end.  Align after .bss to ensure correct alignment even if the
      .bss section disappears because there are no input sections.
      FIXME: Why do we need it? When there is no .bss section, we don't
      pad the .data section.  */
   . = ALIGN(. != 0 ? 32 / 8 : 1);
  }
  . = ALIGN(32 / 8);
  . = ALIGN(32 / 8);
  _end = .; PROVIDE (end = .);
  . = DATA_SEGMENT_END (.);
  /* Stabs debugging sections.  */
  .stab          0 : { *(.stab) }
  .stabstr       0 : { *(.stabstr) }
  .stab.excl     0 : { *(.stab.excl) }
  .stab.exclstr  0 : { *(.stab.exclstr) }
  .stab.index    0 : { *(.stab.index) }
  .stab.indexstr 0 : { *(.stab.indexstr) }
  .comment       0 : { *(.comment) }
  /* DWARF debug sections.
     Symbols in the DWARF debugging sections are relative to the beginning
     of the section so we begin them at 0.  */
  /* DWARF 1 */
  .debug          0 : { *(.debug) }
  .line           0 : { *(.line) }
  /* GNU DWARF 1 extensions */
  .debug_srcinfo  0 : { *(.debug_srcinfo) }
  .debug_sfnames  0 : { *(.debug_sfnames) }
  /* DWARF 1.1 and DWARF 2 */
  .debug_aranges  0 : { *(.debug_aranges) }
  .debug_pubnames 0 : { *(.debug_pubnames) }
  /* DWARF 2 */
  .debug_info     0 : { *(.debug_info .gnu.linkonce.wi.*) }
  .debug_abbrev   0 : { *(.debug_abbrev) }
  .debug_line     0 : { *(.debug_line) }
  .debug_frame    0 : { *(.debug_frame) }
  .debug_str      0 : { *(.debug_str) }
  .debug_loc      0 : { *(.debug_loc) }
  .debug_macinfo  0 : { *(.debug_macinfo) }
  /* SGI/MIPS DWARF 2 extensions */
  .debug_weaknames 0 : { *(.debug_weaknames) }
  .debug_funcnames 0 : { *(.debug_funcnames) }
  .debug_typenames 0 : { *(.debug_typenames) }
  .debug_varnames  0 : { *(.debug_varnames) }
  /* DWARF 3 */
  .debug_pubtypes 0 : { *(.debug_pubtypes) }
  .debug_ranges   0 : { *(.debug_ranges) }
  .gnu.attributes 0 : { KEEP (*(.gnu.attributes)) }
  .gptab.sdata : { *(.gptab.data) *(.gptab.sdata) }
  .gptab.sbss : { *(.gptab.bss) *(.gptab.sbss) }
  .mdebug.abi32 : { KEEP(*(.mdebug.abi32)) }
  .mdebug.abiN32 : { KEEP(*(.mdebug.abiN32)) }
  .mdebug.abi64 : { KEEP(*(.mdebug.abi64)) }
  .mdebug.abiO64 : { KEEP(*(.mdebug.abiO64)) }
  .mdebug.eabi32 : { KEEP(*(.mdebug.eabi32)) }
  .mdebug.eabi64 : { KEEP(*(.mdebug.eabi64)) }
  .gcc_compiled_long32 : { KEEP(*(.gcc_compiled_long32)) }
  .gcc_compiled_long64 : { KEEP(*(.gcc_compiled_long64)) }
  /DISCARD/ : { *(.note.GNU-stack) *(.gnu_debuglink) }
}


==================================================
attempt to open /opt/mips-4.3/bin/../mips-linux-gnu/libc/el/usr/lib/crt1.o succeeded
/opt/mips-4.3/bin/../mips-linux-gnu/libc/el/usr/lib/crt1.o
attempt to open /opt/mips-4.3/bin/../mips-linux-gnu/libc/el/usr/lib/crti.o succeeded
/opt/mips-4.3/bin/../mips-linux-gnu/libc/el/usr/lib/crti.o
attempt to open /opt/mips-4.3/bin/../lib/gcc/mips-linux-gnu/4.3.2/el/crtbeginT.o succeeded
/opt/mips-4.3/bin/../lib/gcc/mips-linux-gnu/4.3.2/el/crtbeginT.o
attempt to open applets/built-in.o succeeded
applets/built-in.o
attempt to open archival/lib.a succeeded
attempt to open archival/libunarchive/lib.a succeeded
attempt to open console-tools/lib.a succeeded
attempt to open coreutils/lib.a succeeded
attempt to open coreutils/libcoreutils/lib.a succeeded
attempt to open debianutils/lib.a succeeded
attempt to open e2fsprogs/lib.a succeeded
attempt to open editors/lib.a succeeded
attempt to open findutils/lib.a succeeded
attempt to open init/lib.a succeeded
attempt to open libbb/lib.a succeeded
(libbb/lib.a)appletlib.o
(libbb/lib.a)bb_basename.o
(libbb/lib.a)default_error_retval.o
(libbb/lib.a)error_msg_and_die.o
(libbb/lib.a)get_last_path_component.o
(libbb/lib.a)last_char_is.o
(libbb/lib.a)messages.o
(libbb/lib.a)verror_msg.o
(libbb/lib.a)xfuncs.o
(libbb/lib.a)copyfd.o
(libbb/lib.a)error_msg.o
(libbb/lib.a)full_write.o
(libbb/lib.a)perror_msg.o
(libbb/lib.a)perror_msg_and_die.o
(libbb/lib.a)read.o
(libbb/lib.a)safe_poll.o
(libbb/lib.a)safe_write.o
attempt to open libpwdgrp/lib.a succeeded
attempt to open loginutils/lib.a succeeded
attempt to open miscutils/lib.a succeeded
attempt to open modutils/lib.a succeeded
(modutils/lib.a)insmod.o
(modutils/lib.a)lsmod.o
(modutils/lib.a)modprobe.o
(modutils/lib.a)rmmod.o
attempt to open networking/lib.a succeeded
(networking/lib.a)ifconfig.o
(networking/lib.a)interface.o
(networking/lib.a)ping.o
(networking/lib.a)tftp.o
(networking/lib.a)traceroute.o
attempt to open networking/libiproute/lib.a succeeded
attempt to open networking/udhcp/lib.a succeeded
(networking/udhcp/lib.a)dhcpc.o
(networking/udhcp/lib.a)options.o
(networking/udhcp/lib.a)packet.o
(networking/udhcp/lib.a)script.o
(networking/udhcp/lib.a)signalpipe.o
(networking/udhcp/lib.a)socket.o
(networking/udhcp/lib.a)arpping.o
(networking/udhcp/lib.a)clientpacket.o
(networking/udhcp/lib.a)clientsocket.o
(networking/udhcp/lib.a)common.o
attempt to open printutils/lib.a succeeded
attempt to open procps/lib.a succeeded
(procps/lib.a)kill.o
(procps/lib.a)ps.o
attempt to open runit/lib.a succeeded
attempt to open selinux/lib.a succeeded
attempt to open shell/lib.a succeeded
(shell/lib.a)msh.o
attempt to open sysklogd/lib.a succeeded
attempt to open util-linux/lib.a succeeded
(util-linux/lib.a)losetup.o
(util-linux/lib.a)mdev.o
(util-linux/lib.a)mount.o
(util-linux/lib.a)pivot_root.o
(util-linux/lib.a)switch_root.o
(util-linux/lib.a)umount.o
attempt to open util-linux/volume_id/lib.a succeeded
(util-linux/volume_id/lib.a)get_devname.o
(util-linux/volume_id/lib.a)volume_id.o
(util-linux/volume_id/lib.a)ext.o
(util-linux/volume_id/lib.a)fat.o
(util-linux/volume_id/lib.a)hfs.o
(util-linux/volume_id/lib.a)ntfs.o
(util-linux/volume_id/lib.a)util.o
attempt to open archival/built-in.o succeeded
attempt to open archival/libunarchive/built-in.o succeeded
attempt to open console-tools/built-in.o succeeded
attempt to open coreutils/built-in.o succeeded
attempt to open coreutils/libcoreutils/built-in.o succeeded
attempt to open debianutils/built-in.o succeeded
attempt to open e2fsprogs/built-in.o succeeded
attempt to open editors/built-in.o succeeded
attempt to open findutils/built-in.o succeeded
attempt to open init/built-in.o succeeded
attempt to open libbb/built-in.o succeeded
attempt to open libpwdgrp/built-in.o succeeded
attempt to open loginutils/built-in.o succeeded
attempt to open miscutils/built-in.o succeeded
attempt to open modutils/built-in.o succeeded
attempt to open networking/built-in.o succeeded
attempt to open networking/libiproute/built-in.o succeeded
attempt to open networking/udhcp/built-in.o succeeded
attempt to open printutils/built-in.o succeeded
attempt to open procps/built-in.o succeeded
attempt to open runit/built-in.o succeeded
attempt to open selinux/built-in.o succeeded
attempt to open shell/built-in.o succeeded
attempt to open sysklogd/built-in.o succeeded
attempt to open util-linux/built-in.o succeeded
attempt to open util-linux/volume_id/built-in.o succeeded
(archival/libunarchive/lib.a)decompress_bunzip2.o
(coreutils/lib.a)cat.o
(coreutils/lib.a)chroot.o
(coreutils/lib.a)cp.o
(coreutils/lib.a)dd.o
(coreutils/lib.a)echo.o
(coreutils/lib.a)expr.o
(coreutils/lib.a)false.o
(coreutils/lib.a)ln.o
(coreutils/lib.a)ls.o
(coreutils/lib.a)md5_sha1_sum.o
(coreutils/lib.a)mkdir.o
(coreutils/lib.a)mknod.o
(coreutils/lib.a)pwd.o
(coreutils/lib.a)rm.o
(coreutils/lib.a)rmdir.o
(coreutils/lib.a)sleep.o
(coreutils/lib.a)sync.o
(coreutils/lib.a)test.o
(coreutils/lib.a)touch.o
(coreutils/lib.a)true.o
(coreutils/libcoreutils/lib.a)cp_mv_stat.o
(coreutils/libcoreutils/lib.a)getopt_mk_fifo_nod.o
(init/lib.a)halt.o
(init/lib.a)init.o
(libbb/lib.a)bb_qsort.o
(libbb/lib.a)bb_strtonum.o
(libbb/lib.a)compare_string_array.o
(libbb/lib.a)concat_path_file.o
(libbb/lib.a)copy_file.o
(libbb/lib.a)crc32.o
(libbb/lib.a)create_icmp_socket.o
(libbb/lib.a)device_open.o
(libbb/lib.a)fflush_stdout_and_exit.o
(libbb/lib.a)find_pid_by_name.o
(libbb/lib.a)get_line_from_file.o
(libbb/lib.a)getopt32.o
(libbb/lib.a)herror_msg.o
(libbb/lib.a)inet_common.o
(libbb/lib.a)info_msg.o
(libbb/lib.a)inode_hash.o
(libbb/lib.a)isdirectory.o
(libbb/lib.a)kernel_version.o
(libbb/lib.a)lineedit.o
(libbb/lib.a)llist.o
(libbb/lib.a)login.o
(libbb/lib.a)loop.o
(libbb/lib.a)make_directory.o
(libbb/lib.a)makedev.o
(libbb/lib.a)match_fstype.o
(libbb/lib.a)md5.o
(libbb/lib.a)mode_string.o
(libbb/lib.a)mtab_file.o
(libbb/lib.a)parse_mode.o
(libbb/lib.a)perror_nomsg_and_die.o
(libbb/lib.a)pidfile.o
(libbb/lib.a)process_escape_sequence.o
(libbb/lib.a)procps.o
(libbb/lib.a)ptr_to_globals.o
(libbb/lib.a)recursive_action.o
(libbb/lib.a)remove_file.o
(libbb/lib.a)safe_gethostname.o
(libbb/lib.a)safe_strncpy.o
(libbb/lib.a)signals.o
(libbb/lib.a)simplify_path.o
(libbb/lib.a)skip_whitespace.o
(libbb/lib.a)time.o
(libbb/lib.a)u_signal_names.o
(libbb/lib.a)vfork_daemon_rexec.o
(libbb/lib.a)warn_ignoring_args.o
(libbb/lib.a)wfopen.o
(libbb/lib.a)wfopen_input.o
(libbb/lib.a)xatonum.o
(libbb/lib.a)xconnect.o
(libbb/lib.a)xgetcwd.o
(libbb/lib.a)xgethostbyname.o
(libbb/lib.a)xreadlink.o
(libbb/lib.a)xregcomp.o
(libbb/lib.a)ask_confirmation.o
(libbb/lib.a)bb_pwd.o
(libbb/lib.a)concat_subpath_file.o
(libbb/lib.a)herror_msg_and_die.o
attempt to open /opt/mips-4.3/bin/../lib/gcc/mips-linux-gnu/4.3.2/el/libgcc.a succeeded
(/opt/mips-4.3/bin/../lib/gcc/mips-linux-gnu/4.3.2/el/libgcc.a)_lshrdi3.o
(/opt/mips-4.3/bin/../lib/gcc/mips-linux-gnu/4.3.2/el/libgcc.a)_udivdi3.o
attempt to open /opt/mips-4.3/bin/../lib/gcc/mips-linux-gnu/4.3.2/el/libgcc_eh.a succeeded
attempt to open /opt/mips-4.3/bin/../lib/gcc/mips-linux-gnu/4.3.2/el/libc.a failed
attempt to open /opt/mips-4.3/bin/../lib/gcc/mips-linux-gnu/4.3.2/../../../../mips-linux-gnu/lib/el/libc.a failed
attempt to open /opt/mips-4.3/bin/../lib/gcc/mips-linux-gnu/4.3.2/libc.a failed
attempt to open /opt/mips-4.3/bin/../lib/gcc/libc.a failed
attempt to open /opt/mips-4.3/bin/../lib/gcc/mips-linux-gnu/4.3.2/../../../../mips-linux-gnu/lib/libc.a failed
attempt to open /opt/mips-4.3/bin/../mips-linux-gnu/libc/el/lib/libc.a failed
attempt to open /opt/mips-4.3/bin/../mips-linux-gnu/libc/el/usr/lib/libc.a succeeded
(/opt/mips-4.3/bin/../mips-linux-gnu/libc/el/usr/lib/libc.a)libc-start.o
(/opt/mips-4.3/bin/../mips-linux-gnu/libc/el/usr/lib/libc.a)check_fds.o
(/opt/mips-4.3/bin/../mips-linux-gnu/libc/el/usr/lib/libc.a)libc-tls.o
(/opt/mips-4.3/bin/../mips-linux-gnu/libc/el/usr/lib/libc.a)elf-init.o
(/opt/mips-4.3/bin/../mips-linux-gnu/libc/el/usr/lib/libc.a)errno.o
(/opt/mips-4.3/bin/../mips-linux-gnu/libc/el/usr/lib/libc.a)errno-loc.o
(/opt/mips-4.3/bin/../mips-linux-gnu/libc/el/usr/lib/libc.a)ctype.o
(/opt/mips-4.3/bin/../mips-linux-gnu/libc/el/usr/lib/libc.a)ctype-extn.o
(/opt/mips-4.3/bin/../mips-linux-gnu/libc/el/usr/lib/libc.a)ctype-info.o
(/opt/mips-4.3/bin/../mips-linux-gnu/libc/el/usr/lib/libc.a)bsd-_setjmp.o
(/opt/mips-4.3/bin/../mips-linux-gnu/libc/el/usr/lib/libc.a)longjmp.o
(/opt/mips-4.3/bin/../mips-linux-gnu/libc/el/usr/lib/libc.a)__longjmp.o
(/opt/mips-4.3/bin/../mips-linux-gnu/libc/el/usr/lib/libc.a)jmp-unwind.o
(/opt/mips-4.3/bin/../mips-linux-gnu/libc/el/usr/lib/libc.a)signal.o
(/opt/mips-4.3/bin/../mips-linux-gnu/libc/el/usr/lib/libc.a)raise.o
(/opt/mips-4.3/bin/../mips-linux-gnu/libc/el/usr/lib/libc.a)sigaction.o
(/opt/mips-4.3/bin/../mips-linux-gnu/libc/el/usr/lib/libc.a)sigprocmask.o
(/opt/mips-4.3/bin/../mips-linux-gnu/libc/el/usr/lib/libc.a)kill.o
(/opt/mips-4.3/bin/../mips-linux-gnu/libc/el/usr/lib/libc.a)sigsuspend.o
(/opt/mips-4.3/bin/../mips-linux-gnu/libc/el/usr/lib/libc.a)sigempty.o
(/opt/mips-4.3/bin/../mips-linux-gnu/libc/el/usr/lib/libc.a)sigfillset.o
(/opt/mips-4.3/bin/../mips-linux-gnu/libc/el/usr/lib/libc.a)sigaddset.o
(/opt/mips-4.3/bin/../mips-linux-gnu/libc/el/usr/lib/libc.a)atoi.o
(/opt/mips-4.3/bin/../mips-linux-gnu/libc/el/usr/lib/libc.a)abort.o
(/opt/mips-4.3/bin/../mips-linux-gnu/libc/el/usr/lib/libc.a)bsearch.o
(/opt/mips-4.3/bin/../mips-linux-gnu/libc/el/usr/lib/libc.a)msort.o
(/opt/mips-4.3/bin/../mips-linux-gnu/libc/el/usr/lib/libc.a)getenv.o
(/opt/mips-4.3/bin/../mips-linux-gnu/libc/el/usr/lib/libc.a)putenv.o
(/opt/mips-4.3/bin/../mips-linux-gnu/libc/el/usr/lib/libc.a)setenv.o
(/opt/mips-4.3/bin/../mips-linux-gnu/libc/el/usr/lib/libc.a)exit.o
(/opt/mips-4.3/bin/../mips-linux-gnu/libc/el/usr/lib/libc.a)cxa_atexit.o
(/opt/mips-4.3/bin/../mips-linux-gnu/libc/el/usr/lib/libc.a)random.o
(/opt/mips-4.3/bin/../mips-linux-gnu/libc/el/usr/lib/libc.a)random_r.o
(/opt/mips-4.3/bin/../mips-linux-gnu/libc/el/usr/lib/libc.a)rand.o
(/opt/mips-4.3/bin/../mips-linux-gnu/libc/el/usr/lib/libc.a)strtol.o
(/opt/mips-4.3/bin/../mips-linux-gnu/libc/el/usr/lib/libc.a)strtoul.o
(/opt/mips-4.3/bin/../mips-linux-gnu/libc/el/usr/lib/libc.a)strtoll.o
(/opt/mips-4.3/bin/../mips-linux-gnu/libc/el/usr/lib/libc.a)strtoull.o
(/opt/mips-4.3/bin/../mips-linux-gnu/libc/el/usr/lib/libc.a)strtol_l.o
(/opt/mips-4.3/bin/../mips-linux-gnu/libc/el/usr/lib/libc.a)strtoul_l.o
(/opt/mips-4.3/bin/../mips-linux-gnu/libc/el/usr/lib/libc.a)strtoll_l.o
(/opt/mips-4.3/bin/../mips-linux-gnu/libc/el/usr/lib/libc.a)strtoull_l.o
(/opt/mips-4.3/bin/../mips-linux-gnu/libc/el/usr/lib/libc.a)system.o
(/opt/mips-4.3/bin/../mips-linux-gnu/libc/el/usr/lib/libc.a)canonicalize.o
(/opt/mips-4.3/bin/../mips-linux-gnu/libc/el/usr/lib/libc.a)xpg_basename.o
(/opt/mips-4.3/bin/../mips-linux-gnu/libc/el/usr/lib/libc.a)grouping.o
(/opt/mips-4.3/bin/../mips-linux-gnu/libc/el/usr/lib/libc.a)snprintf.o
(/opt/mips-4.3/bin/../mips-linux-gnu/libc/el/usr/lib/libc.a)fscanf.o
(/opt/mips-4.3/bin/../mips-linux-gnu/libc/el/usr/lib/libc.a)sscanf.o
(/opt/mips-4.3/bin/../mips-linux-gnu/libc/el/usr/lib/libc.a)perror.o
(/opt/mips-4.3/bin/../mips-linux-gnu/libc/el/usr/lib/libc.a)rename.o
(/opt/mips-4.3/bin/../mips-linux-gnu/libc/el/usr/lib/libc.a)fxprintf.o
(/opt/mips-4.3/bin/../mips-linux-gnu/libc/el/usr/lib/libc.a)iofclose.o
(/opt/mips-4.3/bin/../mips-linux-gnu/libc/el/usr/lib/libc.a)iofdopen.o
(/opt/mips-4.3/bin/../mips-linux-gnu/libc/el/usr/lib/libc.a)iofflush.o
(/opt/mips-4.3/bin/../mips-linux-gnu/libc/el/usr/lib/libc.a)iofgets.o
(/opt/mips-4.3/bin/../mips-linux-gnu/libc/el/usr/lib/libc.a)iofopen.o
(/opt/mips-4.3/bin/../mips-linux-gnu/libc/el/usr/lib/libc.a)iofputs.o
(/opt/mips-4.3/bin/../mips-linux-gnu/libc/el/usr/lib/libc.a)iofread.o
(/opt/mips-4.3/bin/../mips-linux-gnu/libc/el/usr/lib/libc.a)iogetline.o
(/opt/mips-4.3/bin/../mips-linux-gnu/libc/el/usr/lib/libc.a)ioputs.o
(/opt/mips-4.3/bin/../mips-linux-gnu/libc/el/usr/lib/libc.a)iovsscanf.o
(/opt/mips-4.3/bin/../mips-linux-gnu/libc/el/usr/lib/libc.a)putchar.o
(/opt/mips-4.3/bin/../mips-linux-gnu/libc/el/usr/lib/libc.a)ferror.o
(/opt/mips-4.3/bin/../mips-linux-gnu/libc/el/usr/lib/libc.a)fileno.o
(/opt/mips-4.3/bin/../mips-linux-gnu/libc/el/usr/lib/libc.a)fputc.o
(/opt/mips-4.3/bin/../mips-linux-gnu/libc/el/usr/lib/libc.a)fseek.o
(/opt/mips-4.3/bin/../mips-linux-gnu/libc/el/usr/lib/libc.a)getc.o
(/opt/mips-4.3/bin/../mips-linux-gnu/libc/el/usr/lib/libc.a)getchar.o
(/opt/mips-4.3/bin/../mips-linux-gnu/libc/el/usr/lib/libc.a)putc.o
(/opt/mips-4.3/bin/../mips-linux-gnu/libc/el/usr/lib/libc.a)setlinebuf.o
(/opt/mips-4.3/bin/../mips-linux-gnu/libc/el/usr/lib/libc.a)vsnprintf.o
(/opt/mips-4.3/bin/../mips-linux-gnu/libc/el/usr/lib/libc.a)fcloseall.o
(/opt/mips-4.3/bin/../mips-linux-gnu/libc/el/usr/lib/libc.a)libc_fatal.o
(/opt/mips-4.3/bin/../mips-linux-gnu/libc/el/usr/lib/libc.a)wfileops.o
(/opt/mips-4.3/bin/../mips-linux-gnu/libc/el/usr/lib/libc.a)fileops.o
(/opt/mips-4.3/bin/../mips-linux-gnu/libc/el/usr/lib/libc.a)genops.o
(/opt/mips-4.3/bin/../mips-linux-gnu/libc/el/usr/lib/libc.a)stdfiles.o
(/opt/mips-4.3/bin/../mips-linux-gnu/libc/el/usr/lib/libc.a)stdio.o
(/opt/mips-4.3/bin/../mips-linux-gnu/libc/el/usr/lib/libc.a)strops.o
(/opt/mips-4.3/bin/../mips-linux-gnu/libc/el/usr/lib/libc.a)malloc.o
(/opt/mips-4.3/bin/../mips-linux-gnu/libc/el/usr/lib/libc.a)morecore.o
(/opt/mips-4.3/bin/../mips-linux-gnu/libc/el/usr/lib/libc.a)strcat.o
(/opt/mips-4.3/bin/../mips-linux-gnu/libc/el/usr/lib/libc.a)strchr.o
(/opt/mips-4.3/bin/../mips-linux-gnu/libc/el/usr/lib/libc.a)strcmp.o
(/opt/mips-4.3/bin/../mips-linux-gnu/libc/el/usr/lib/libc.a)strcpy.o
(/opt/mips-4.3/bin/../mips-linux-gnu/libc/el/usr/lib/libc.a)strcspn.o
(/opt/mips-4.3/bin/../mips-linux-gnu/libc/el/usr/lib/libc.a)strdup.o
(/opt/mips-4.3/bin/../mips-linux-gnu/libc/el/usr/lib/libc.a)strerror.o
(/opt/mips-4.3/bin/../mips-linux-gnu/libc/el/usr/lib/libc.a)_strerror.o
(/opt/mips-4.3/bin/../mips-linux-gnu/libc/el/usr/lib/libc.a)strlen.o
(/opt/mips-4.3/bin/../mips-linux-gnu/libc/el/usr/lib/libc.a)strnlen.o
(/opt/mips-4.3/bin/../mips-linux-gnu/libc/el/usr/lib/libc.a)strncmp.o
(/opt/mips-4.3/bin/../mips-linux-gnu/libc/el/usr/lib/libc.a)strncpy.o
(/opt/mips-4.3/bin/../mips-linux-gnu/libc/el/usr/lib/libc.a)strrchr.o
(/opt/mips-4.3/bin/../mips-linux-gnu/libc/el/usr/lib/libc.a)strpbrk.o
(/opt/mips-4.3/bin/../mips-linux-gnu/libc/el/usr/lib/libc.a)strstr.o
(/opt/mips-4.3/bin/../mips-linux-gnu/libc/el/usr/lib/libc.a)strtok.o
(/opt/mips-4.3/bin/../mips-linux-gnu/libc/el/usr/lib/libc.a)memchr.o
(/opt/mips-4.3/bin/../mips-linux-gnu/libc/el/usr/lib/libc.a)memcmp.o
(/opt/mips-4.3/bin/../mips-linux-gnu/libc/el/usr/lib/libc.a)memmove.o
(/opt/mips-4.3/bin/../mips-linux-gnu/libc/el/usr/lib/libc.a)memset.o
(/opt/mips-4.3/bin/../mips-linux-gnu/libc/el/usr/lib/libc.a)mempcpy.o
(/opt/mips-4.3/bin/../mips-linux-gnu/libc/el/usr/lib/libc.a)strcasecmp.o
(/opt/mips-4.3/bin/../mips-linux-gnu/libc/el/usr/lib/libc.a)strncase.o
(/opt/mips-4.3/bin/../mips-linux-gnu/libc/el/usr/lib/libc.a)memcpy.o
(/opt/mips-4.3/bin/../mips-linux-gnu/libc/el/usr/lib/libc.a)wordcopy.o
(/opt/mips-4.3/bin/../mips-linux-gnu/libc/el/usr/lib/libc.a)strsep.o
(/opt/mips-4.3/bin/../mips-linux-gnu/libc/el/usr/lib/libc.a)rawmemchr.o
(/opt/mips-4.3/bin/../mips-linux-gnu/libc/el/usr/lib/libc.a)strchrnul.o
(/opt/mips-4.3/bin/../mips-linux-gnu/libc/el/usr/lib/libc.a)wmempcpy.o
(/opt/mips-4.3/bin/../mips-linux-gnu/libc/el/usr/lib/libc.a)wcsmbsload.o
(/opt/mips-4.3/bin/../mips-linux-gnu/libc/el/usr/lib/libc.a)ctime.o
(/opt/mips-4.3/bin/../mips-linux-gnu/libc/el/usr/lib/libc.a)localtime.o
(/opt/mips-4.3/bin/../mips-linux-gnu/libc/el/usr/lib/libc.a)time.o
(/opt/mips-4.3/bin/../mips-linux-gnu/libc/el/usr/lib/libc.a)gettimeofday.o
(/opt/mips-4.3/bin/../mips-linux-gnu/libc/el/usr/lib/libc.a)tzset.o
(/opt/mips-4.3/bin/../mips-linux-gnu/libc/el/usr/lib/libc.a)tzfile.o
(/opt/mips-4.3/bin/../mips-linux-gnu/libc/el/usr/lib/libc.a)strftime.o
(/opt/mips-4.3/bin/../mips-linux-gnu/libc/el/usr/lib/libc.a)strftime_l.o
(/opt/mips-4.3/bin/../mips-linux-gnu/libc/el/usr/lib/libc.a)alt_digit.o
(/opt/mips-4.3/bin/../mips-linux-gnu/libc/el/usr/lib/libc.a)era.o
(/opt/mips-4.3/bin/../mips-linux-gnu/libc/el/usr/lib/libc.a)lc-time-cleanup.o
(/opt/mips-4.3/bin/../mips-linux-gnu/libc/el/usr/lib/libc.a)opendir.o
(/opt/mips-4.3/bin/../mips-linux-gnu/libc/el/usr/lib/libc.a)closedir.o
(/opt/mips-4.3/bin/../mips-linux-gnu/libc/el/usr/lib/libc.a)readdir.o
(/opt/mips-4.3/bin/../mips-linux-gnu/libc/el/usr/lib/libc.a)getdents.o
(/opt/mips-4.3/bin/../mips-linux-gnu/libc/el/usr/lib/libc.a)getgrgid.o
(/opt/mips-4.3/bin/../mips-linux-gnu/libc/el/usr/lib/libc.a)getgrnam.o
(/opt/mips-4.3/bin/../mips-linux-gnu/libc/el/usr/lib/libc.a)getgrgid_r.o
(/opt/mips-4.3/bin/../mips-linux-gnu/libc/el/usr/lib/libc.a)getgrnam_r.o
(/opt/mips-4.3/bin/../mips-linux-gnu/libc/el/usr/lib/libc.a)getpwnam.o
(/opt/mips-4.3/bin/../mips-linux-gnu/libc/el/usr/lib/libc.a)getpwuid.o
(/opt/mips-4.3/bin/../mips-linux-gnu/libc/el/usr/lib/libc.a)getpwnam_r.o
(/opt/mips-4.3/bin/../mips-linux-gnu/libc/el/usr/lib/libc.a)getpwuid_r.o
(/opt/mips-4.3/bin/../mips-linux-gnu/libc/el/usr/lib/libc.a)uname.o
(/opt/mips-4.3/bin/../mips-linux-gnu/libc/el/usr/lib/libc.a)times.o
(/opt/mips-4.3/bin/../mips-linux-gnu/libc/el/usr/lib/libc.a)wait.o
(/opt/mips-4.3/bin/../mips-linux-gnu/libc/el/usr/lib/libc.a)waitpid.o
(/opt/mips-4.3/bin/../mips-linux-gnu/libc/el/usr/lib/libc.a)alarm.o
(/opt/mips-4.3/bin/../mips-linux-gnu/libc/el/usr/lib/libc.a)sleep.o
(/opt/mips-4.3/bin/../mips-linux-gnu/libc/el/usr/lib/libc.a)pause.o
(/opt/mips-4.3/bin/../mips-linux-gnu/libc/el/usr/lib/libc.a)nanosleep.o
(/opt/mips-4.3/bin/../mips-linux-gnu/libc/el/usr/lib/libc.a)fork.o
(/opt/mips-4.3/bin/../mips-linux-gnu/libc/el/usr/lib/libc.a)vfork.o
(/opt/mips-4.3/bin/../mips-linux-gnu/libc/el/usr/lib/libc.a)_exit.o
(/opt/mips-4.3/bin/../mips-linux-gnu/libc/el/usr/lib/libc.a)execve.o
(/opt/mips-4.3/bin/../mips-linux-gnu/libc/el/usr/lib/libc.a)execv.o
(/opt/mips-4.3/bin/../mips-linux-gnu/libc/el/usr/lib/libc.a)execle.o
(/opt/mips-4.3/bin/../mips-linux-gnu/libc/el/usr/lib/libc.a)execvp.o
(/opt/mips-4.3/bin/../mips-linux-gnu/libc/el/usr/lib/libc.a)getpid.o
(/opt/mips-4.3/bin/../mips-linux-gnu/libc/el/usr/lib/libc.a)getuid.o
(/opt/mips-4.3/bin/../mips-linux-gnu/libc/el/usr/lib/libc.a)geteuid.o
(/opt/mips-4.3/bin/../mips-linux-gnu/libc/el/usr/lib/libc.a)getgid.o
(/opt/mips-4.3/bin/../mips-linux-gnu/libc/el/usr/lib/libc.a)getegid.o
(/opt/mips-4.3/bin/../mips-linux-gnu/libc/el/usr/lib/libc.a)getgroups.o
(/opt/mips-4.3/bin/../mips-linux-gnu/libc/el/usr/lib/libc.a)setuid.o
(/opt/mips-4.3/bin/../mips-linux-gnu/libc/el/usr/lib/libc.a)setgid.o
(/opt/mips-4.3/bin/../mips-linux-gnu/libc/el/usr/lib/libc.a)setsid.o
(/opt/mips-4.3/bin/../mips-linux-gnu/libc/el/usr/lib/libc.a)sysconf.o
(/opt/mips-4.3/bin/../mips-linux-gnu/libc/el/usr/lib/libc.a)fnmatch.o
(/opt/mips-4.3/bin/../mips-linux-gnu/libc/el/usr/lib/libc.a)confstr.o
(/opt/mips-4.3/bin/../mips-linux-gnu/libc/el/usr/lib/libc.a)getopt.o
(/opt/mips-4.3/bin/../mips-linux-gnu/libc/el/usr/lib/libc.a)sched_yield.o
(/opt/mips-4.3/bin/../mips-linux-gnu/libc/el/usr/lib/libc.a)get_child_max.o
(/opt/mips-4.3/bin/../mips-linux-gnu/libc/el/usr/lib/libc.a)getaddrinfo.o
(/opt/mips-4.3/bin/../mips-linux-gnu/libc/el/usr/lib/libc.a)regex.o
(/opt/mips-4.3/bin/../mips-linux-gnu/libc/el/usr/lib/libc.a)environ.o
(/opt/mips-4.3/bin/../mips-linux-gnu/libc/el/usr/lib/libc.a)exit-thread.o
(/opt/mips-4.3/bin/../mips-linux-gnu/libc/el/usr/lib/libc.a)utime.o
(/opt/mips-4.3/bin/../mips-linux-gnu/libc/el/usr/lib/libc.a)stat.o
(/opt/mips-4.3/bin/../mips-linux-gnu/libc/el/usr/lib/libc.a)fstat.o
(/opt/mips-4.3/bin/../mips-linux-gnu/libc/el/usr/lib/libc.a)lstat.o
(/opt/mips-4.3/bin/../mips-linux-gnu/libc/el/usr/lib/libc.a)xstat.o
(/opt/mips-4.3/bin/../mips-linux-gnu/libc/el/usr/lib/libc.a)fxstat.o
(/opt/mips-4.3/bin/../mips-linux-gnu/libc/el/usr/lib/libc.a)lxstat.o
(/opt/mips-4.3/bin/../mips-linux-gnu/libc/el/usr/lib/libc.a)xstat64.o
(/opt/mips-4.3/bin/../mips-linux-gnu/libc/el/usr/lib/libc.a)fxstat64.o
(/opt/mips-4.3/bin/../mips-linux-gnu/libc/el/usr/lib/libc.a)lxstat64.o
(/opt/mips-4.3/bin/../mips-linux-gnu/libc/el/usr/lib/libc.a)mknod.o
(/opt/mips-4.3/bin/../mips-linux-gnu/libc/el/usr/lib/libc.a)xmknod.o
(/opt/mips-4.3/bin/../mips-linux-gnu/libc/el/usr/lib/libc.a)statfs.o
(/opt/mips-4.3/bin/../mips-linux-gnu/libc/el/usr/lib/libc.a)umask.o
(/opt/mips-4.3/bin/../mips-linux-gnu/libc/el/usr/lib/libc.a)chmod.o
(/opt/mips-4.3/bin/../mips-linux-gnu/libc/el/usr/lib/libc.a)mkdir.o
(/opt/mips-4.3/bin/../mips-linux-gnu/libc/el/usr/lib/libc.a)open.o
(/opt/mips-4.3/bin/../mips-linux-gnu/libc/el/usr/lib/libc.a)close.o
(/opt/mips-4.3/bin/../mips-linux-gnu/libc/el/usr/lib/libc.a)read.o
(/opt/mips-4.3/bin/../mips-linux-gnu/libc/el/usr/lib/libc.a)write.o
(/opt/mips-4.3/bin/../mips-linux-gnu/libc/el/usr/lib/libc.a)lseek.o
(/opt/mips-4.3/bin/../mips-linux-gnu/libc/el/usr/lib/libc.a)access.o
(/opt/mips-4.3/bin/../mips-linux-gnu/libc/el/usr/lib/libc.a)fcntl.o
(/opt/mips-4.3/bin/../mips-linux-gnu/libc/el/usr/lib/libc.a)dup.o
(/opt/mips-4.3/bin/../mips-linux-gnu/libc/el/usr/lib/libc.a)dup2.o
(/opt/mips-4.3/bin/../mips-linux-gnu/libc/el/usr/lib/libc.a)pipe.o
(/opt/mips-4.3/bin/../mips-linux-gnu/libc/el/usr/lib/libc.a)creat.o
(/opt/mips-4.3/bin/../mips-linux-gnu/libc/el/usr/lib/libc.a)chdir.o
(/opt/mips-4.3/bin/../mips-linux-gnu/libc/el/usr/lib/libc.a)getcwd.o
(/opt/mips-4.3/bin/../mips-linux-gnu/libc/el/usr/lib/libc.a)chown.o
(/opt/mips-4.3/bin/../mips-linux-gnu/libc/el/usr/lib/libc.a)lchown.o
(/opt/mips-4.3/bin/../mips-linux-gnu/libc/el/usr/lib/libc.a)isatty.o
(/opt/mips-4.3/bin/../mips-linux-gnu/libc/el/usr/lib/libc.a)link.o
(/opt/mips-4.3/bin/../mips-linux-gnu/libc/el/usr/lib/libc.a)symlink.o
(/opt/mips-4.3/bin/../mips-linux-gnu/libc/el/usr/lib/libc.a)readlink.o
(/opt/mips-4.3/bin/../mips-linux-gnu/libc/el/usr/lib/libc.a)unlink.o
(/opt/mips-4.3/bin/../mips-linux-gnu/libc/el/usr/lib/libc.a)rmdir.o
(/opt/mips-4.3/bin/../mips-linux-gnu/libc/el/usr/lib/libc.a)poll.o
(/opt/mips-4.3/bin/../mips-linux-gnu/libc/el/usr/lib/libc.a)have_o_cloexec.o
(/opt/mips-4.3/bin/../mips-linux-gnu/libc/el/usr/lib/libc.a)xstatconv.o
(/opt/mips-4.3/bin/../mips-linux-gnu/libc/el/usr/lib/libc.a)open_2.o
(/opt/mips-4.3/bin/../mips-linux-gnu/libc/el/usr/lib/libc.a)tcsetattr.o
(/opt/mips-4.3/bin/../mips-linux-gnu/libc/el/usr/lib/libc.a)tcgetattr.o
(/opt/mips-4.3/bin/../mips-linux-gnu/libc/el/usr/lib/libc.a)getrlimit.o
(/opt/mips-4.3/bin/../mips-linux-gnu/libc/el/usr/lib/libc.a)sbrk.o
(/opt/mips-4.3/bin/../mips-linux-gnu/libc/el/usr/lib/libc.a)ioctl.o
(/opt/mips-4.3/bin/../mips-linux-gnu/libc/el/usr/lib/libc.a)getpagesize.o
(/opt/mips-4.3/bin/../mips-linux-gnu/libc/el/usr/lib/libc.a)getdtsz.o
(/opt/mips-4.3/bin/../mips-linux-gnu/libc/el/usr/lib/libc.a)getdomain.o
(/opt/mips-4.3/bin/../mips-linux-gnu/libc/el/usr/lib/libc.a)select.o
(/opt/mips-4.3/bin/../mips-linux-gnu/libc/el/usr/lib/libc.a)chroot.o
(/opt/mips-4.3/bin/../mips-linux-gnu/libc/el/usr/lib/libc.a)sync.o
(/opt/mips-4.3/bin/../mips-linux-gnu/libc/el/usr/lib/libc.a)reboot.o
(/opt/mips-4.3/bin/../mips-linux-gnu/libc/el/usr/lib/libc.a)mkstemp.o
(/opt/mips-4.3/bin/../mips-linux-gnu/libc/el/usr/lib/libc.a)usleep.o
(/opt/mips-4.3/bin/../mips-linux-gnu/libc/el/usr/lib/libc.a)mntent_r.o
(/opt/mips-4.3/bin/../mips-linux-gnu/libc/el/usr/lib/libc.a)ftruncate.o
(/opt/mips-4.3/bin/../mips-linux-gnu/libc/el/usr/lib/libc.a)syslog.o
(/opt/mips-4.3/bin/../mips-linux-gnu/libc/el/usr/lib/libc.a)syscall.o
(/opt/mips-4.3/bin/../mips-linux-gnu/libc/el/usr/lib/libc.a)mmap.o
(/opt/mips-4.3/bin/../mips-linux-gnu/libc/el/usr/lib/libc.a)mmap64.o
(/opt/mips-4.3/bin/../mips-linux-gnu/libc/el/usr/lib/libc.a)munmap.o
(/opt/mips-4.3/bin/../mips-linux-gnu/libc/el/usr/lib/libc.a)mprotect.o
(/opt/mips-4.3/bin/../mips-linux-gnu/libc/el/usr/lib/libc.a)madvise.o
(/opt/mips-4.3/bin/../mips-linux-gnu/libc/el/usr/lib/libc.a)tsearch.o
(/opt/mips-4.3/bin/../mips-linux-gnu/libc/el/usr/lib/libc.a)getsysstats.o
(/opt/mips-4.3/bin/../mips-linux-gnu/libc/el/usr/lib/libc.a)dirname.o
(/opt/mips-4.3/bin/../mips-linux-gnu/libc/el/usr/lib/libc.a)getclktck.o
(/opt/mips-4.3/bin/../mips-linux-gnu/libc/el/usr/lib/libc.a)init-misc.o
(/opt/mips-4.3/bin/../mips-linux-gnu/libc/el/usr/lib/libc.a)llseek.o
(/opt/mips-4.3/bin/../mips-linux-gnu/libc/el/usr/lib/libc.a)umount.o
(/opt/mips-4.3/bin/../mips-linux-gnu/libc/el/usr/lib/libc.a)umount2.o
(/opt/mips-4.3/bin/../mips-linux-gnu/libc/el/usr/lib/libc.a)makedev.o
(/opt/mips-4.3/bin/../mips-linux-gnu/libc/el/usr/lib/libc.a)create_module.o
(/opt/mips-4.3/bin/../mips-linux-gnu/libc/el/usr/lib/libc.a)delete_module.o
(/opt/mips-4.3/bin/../mips-linux-gnu/libc/el/usr/lib/libc.a)init_module.o
(/opt/mips-4.3/bin/../mips-linux-gnu/libc/el/usr/lib/libc.a)mount.o
(/opt/mips-4.3/bin/../mips-linux-gnu/libc/el/usr/lib/libc.a)mremap.o
(/opt/mips-4.3/bin/../mips-linux-gnu/libc/el/usr/lib/libc.a)pivot_root.o
(/opt/mips-4.3/bin/../mips-linux-gnu/libc/el/usr/lib/libc.a)query_module.o
(/opt/mips-4.3/bin/../mips-linux-gnu/libc/el/usr/lib/libc.a)bind.o
(/opt/mips-4.3/bin/../mips-linux-gnu/libc/el/usr/lib/libc.a)connect.o
(/opt/mips-4.3/bin/../mips-linux-gnu/libc/el/usr/lib/libc.a)getsockname.o
(/opt/mips-4.3/bin/../mips-linux-gnu/libc/el/usr/lib/libc.a)listen.o
(/opt/mips-4.3/bin/../mips-linux-gnu/libc/el/usr/lib/libc.a)recvfrom.o
(/opt/mips-4.3/bin/../mips-linux-gnu/libc/el/usr/lib/libc.a)send.o
(/opt/mips-4.3/bin/../mips-linux-gnu/libc/el/usr/lib/libc.a)sendto.o
(/opt/mips-4.3/bin/../mips-linux-gnu/libc/el/usr/lib/libc.a)setsockopt.o
(/opt/mips-4.3/bin/../mips-linux-gnu/libc/el/usr/lib/libc.a)socket.o
(/opt/mips-4.3/bin/../mips-linux-gnu/libc/el/usr/lib/libc.a)wcfuncs.o
(/opt/mips-4.3/bin/../mips-linux-gnu/libc/el/usr/lib/libc.a)wctype.o
(/opt/mips-4.3/bin/../mips-linux-gnu/libc/el/usr/lib/libc.a)iswctype.o
(/opt/mips-4.3/bin/../mips-linux-gnu/libc/el/usr/lib/libc.a)alloca_cutoff.o
(/opt/mips-4.3/bin/../mips-linux-gnu/libc/el/usr/lib/libc.a)libc-lowlevellock.o
(/opt/mips-4.3/bin/../mips-linux-gnu/libc/el/usr/lib/libc.a)libc-cancellation.o
(/opt/mips-4.3/bin/../mips-linux-gnu/libc/el/usr/lib/libc.a)register-atfork.o
(/opt/mips-4.3/bin/../mips-linux-gnu/libc/el/usr/lib/libc.a)herror.o
(/opt/mips-4.3/bin/../mips-linux-gnu/libc/el/usr/lib/libc.a)inet_addr.o
(/opt/mips-4.3/bin/../mips-linux-gnu/libc/el/usr/lib/libc.a)inet_pton.o
(/opt/mips-4.3/bin/../mips-linux-gnu/libc/el/usr/lib/libc.a)res_libc.o
(/opt/mips-4.3/bin/../mips-linux-gnu/libc/el/usr/lib/libc.a)nsswitch.o
(/opt/mips-4.3/bin/../mips-linux-gnu/libc/el/usr/lib/libc.a)grp-lookup.o
(/opt/mips-4.3/bin/../mips-linux-gnu/libc/el/usr/lib/libc.a)pwd-lookup.o
(/opt/mips-4.3/bin/../mips-linux-gnu/libc/el/usr/lib/libc.a)hosts-lookup.o
(/opt/mips-4.3/bin/../mips-linux-gnu/libc/el/usr/lib/libc.a)memcpy_chk.o
(/opt/mips-4.3/bin/../mips-linux-gnu/libc/el/usr/lib/libc.a)strcpy_chk.o
(/opt/mips-4.3/bin/../mips-linux-gnu/libc/el/usr/lib/libc.a)sprintf_chk.o
(/opt/mips-4.3/bin/../mips-linux-gnu/libc/el/usr/lib/libc.a)vsprintf_chk.o
(/opt/mips-4.3/bin/../mips-linux-gnu/libc/el/usr/lib/libc.a)snprintf_chk.o
(/opt/mips-4.3/bin/../mips-linux-gnu/libc/el/usr/lib/libc.a)vsnprintf_chk.o
(/opt/mips-4.3/bin/../mips-linux-gnu/libc/el/usr/lib/libc.a)printf_chk.o
(/opt/mips-4.3/bin/../mips-linux-gnu/libc/el/usr/lib/libc.a)fprintf_chk.o
(/opt/mips-4.3/bin/../mips-linux-gnu/libc/el/usr/lib/libc.a)vprintf_chk.o
(/opt/mips-4.3/bin/../mips-linux-gnu/libc/el/usr/lib/libc.a)vfprintf_chk.o
(/opt/mips-4.3/bin/../mips-linux-gnu/libc/el/usr/lib/libc.a)chk_fail.o
(/opt/mips-4.3/bin/../mips-linux-gnu/libc/el/usr/lib/libc.a)vasprintf_chk.o
(/opt/mips-4.3/bin/../mips-linux-gnu/libc/el/usr/lib/libc.a)fortify_fail.o
(/opt/mips-4.3/bin/../mips-linux-gnu/libc/el/usr/lib/libc.a)backtrace.o
(/opt/mips-4.3/bin/../mips-linux-gnu/libc/el/usr/lib/libc.a)backtracesymsfd.o
(/opt/mips-4.3/bin/../mips-linux-gnu/libc/el/usr/lib/libc.a)idn-stub.o
(/opt/mips-4.3/bin/../mips-linux-gnu/libc/el/usr/lib/libc.a)inet_ntoa.o
(/opt/mips-4.3/bin/../mips-linux-gnu/libc/el/usr/lib/libc.a)herrno.o
(/opt/mips-4.3/bin/../mips-linux-gnu/libc/el/usr/lib/libc.a)herrno-loc.o
(/opt/mips-4.3/bin/../mips-linux-gnu/libc/el/usr/lib/libc.a)gethstbyad.o
(/opt/mips-4.3/bin/../mips-linux-gnu/libc/el/usr/lib/libc.a)gethstbyad_r.o
(/opt/mips-4.3/bin/../mips-linux-gnu/libc/el/usr/lib/libc.a)gethstbynm.o
(/opt/mips-4.3/bin/../mips-linux-gnu/libc/el/usr/lib/libc.a)gethstbynm2_r.o
(/opt/mips-4.3/bin/../mips-linux-gnu/libc/el/usr/lib/libc.a)gethstbynm_r.o
(/opt/mips-4.3/bin/../mips-linux-gnu/libc/el/usr/lib/libc.a)getsrvbynm.o
(/opt/mips-4.3/bin/../mips-linux-gnu/libc/el/usr/lib/libc.a)getsrvbynm_r.o
(/opt/mips-4.3/bin/../mips-linux-gnu/libc/el/usr/lib/libc.a)in6_addr.o
(/opt/mips-4.3/bin/../mips-linux-gnu/libc/el/usr/lib/libc.a)getnameinfo.o
(/opt/mips-4.3/bin/../mips-linux-gnu/libc/el/usr/lib/libc.a)if_index.o
(/opt/mips-4.3/bin/../mips-linux-gnu/libc/el/usr/lib/libc.a)ifaddrs.o
(/opt/mips-4.3/bin/../mips-linux-gnu/libc/el/usr/lib/libc.a)check_pf.o
(/opt/mips-4.3/bin/../mips-linux-gnu/libc/el/usr/lib/libc.a)check_native.o
(/opt/mips-4.3/bin/../mips-linux-gnu/libc/el/usr/lib/libc.a)auth_unix.o
(/opt/mips-4.3/bin/../mips-linux-gnu/libc/el/usr/lib/libc.a)authuxprot.o
(/opt/mips-4.3/bin/../mips-linux-gnu/libc/el/usr/lib/libc.a)bindrsvprt.o
(/opt/mips-4.3/bin/../mips-linux-gnu/libc/el/usr/lib/libc.a)clnt_perr.o
(/opt/mips-4.3/bin/../mips-linux-gnu/libc/el/usr/lib/libc.a)clnt_tcp.o
(/opt/mips-4.3/bin/../mips-linux-gnu/libc/el/usr/lib/libc.a)clnt_udp.o
(/opt/mips-4.3/bin/../mips-linux-gnu/libc/el/usr/lib/libc.a)pm_getmaps.o
(/opt/mips-4.3/bin/../mips-linux-gnu/libc/el/usr/lib/libc.a)pm_getport.o
(/opt/mips-4.3/bin/../mips-linux-gnu/libc/el/usr/lib/libc.a)pmap_prot.o
(/opt/mips-4.3/bin/../mips-linux-gnu/libc/el/usr/lib/libc.a)pmap_prot2.o
(/opt/mips-4.3/bin/../mips-linux-gnu/libc/el/usr/lib/libc.a)rpc_prot.o
(/opt/mips-4.3/bin/../mips-linux-gnu/libc/el/usr/lib/libc.a)rpc_common.o
(/opt/mips-4.3/bin/../mips-linux-gnu/libc/el/usr/lib/libc.a)rpc_thread.o
(/opt/mips-4.3/bin/../mips-linux-gnu/libc/el/usr/lib/libc.a)svc.o
(/opt/mips-4.3/bin/../mips-linux-gnu/libc/el/usr/lib/libc.a)svc_auth.o
(/opt/mips-4.3/bin/../mips-linux-gnu/libc/el/usr/lib/libc.a)svc_authux.o
(/opt/mips-4.3/bin/../mips-linux-gnu/libc/el/usr/lib/libc.a)xdr.o
(/opt/mips-4.3/bin/../mips-linux-gnu/libc/el/usr/lib/libc.a)xdr_array.o
(/opt/mips-4.3/bin/../mips-linux-gnu/libc/el/usr/lib/libc.a)xdr_mem.o
(/opt/mips-4.3/bin/../mips-linux-gnu/libc/el/usr/lib/libc.a)xdr_rec.o
(/opt/mips-4.3/bin/../mips-linux-gnu/libc/el/usr/lib/libc.a)xdr_ref.o
(/opt/mips-4.3/bin/../mips-linux-gnu/libc/el/usr/lib/libc.a)key_call.o
(/opt/mips-4.3/bin/../mips-linux-gnu/libc/el/usr/lib/libc.a)key_prot.o
(/opt/mips-4.3/bin/../mips-linux-gnu/libc/el/usr/lib/libc.a)svcauth_des.o
(/opt/mips-4.3/bin/../mips-linux-gnu/libc/el/usr/lib/libc.a)create_xid.o
(/opt/mips-4.3/bin/../mips-linux-gnu/libc/el/usr/lib/libc.a)des_crypt.o
(/opt/mips-4.3/bin/../mips-linux-gnu/libc/el/usr/lib/libc.a)des_impl.o
(/opt/mips-4.3/bin/../mips-linux-gnu/libc/el/usr/lib/libc.a)nscd_getpw_r.o
(/opt/mips-4.3/bin/../mips-linux-gnu/libc/el/usr/lib/libc.a)nscd_getgr_r.o
(/opt/mips-4.3/bin/../mips-linux-gnu/libc/el/usr/lib/libc.a)nscd_gethst_r.o
(/opt/mips-4.3/bin/../mips-linux-gnu/libc/el/usr/lib/libc.a)nscd_getai.o
(/opt/mips-4.3/bin/../mips-linux-gnu/libc/el/usr/lib/libc.a)nscd_getserv_r.o
(/opt/mips-4.3/bin/../mips-linux-gnu/libc/el/usr/lib/libc.a)nscd_helper.o
(/opt/mips-4.3/bin/../mips-linux-gnu/libc/el/usr/lib/libc.a)dl-support.o
(/opt/mips-4.3/bin/../mips-linux-gnu/libc/el/usr/lib/libc.a)dl-addr.o
(/opt/mips-4.3/bin/../mips-linux-gnu/libc/el/usr/lib/libc.a)enbl-secure.o
(/opt/mips-4.3/bin/../mips-linux-gnu/libc/el/usr/lib/libc.a)dl-profstub.o
(/opt/mips-4.3/bin/../mips-linux-gnu/libc/el/usr/lib/libc.a)dl-libc.o
(/opt/mips-4.3/bin/../mips-linux-gnu/libc/el/usr/lib/libc.a)dl-sysdep.o
(/opt/mips-4.3/bin/../mips-linux-gnu/libc/el/usr/lib/libc.a)init-first.o
(/opt/mips-4.3/bin/../mips-linux-gnu/libc/el/usr/lib/libc.a)sysdep.o
(/opt/mips-4.3/bin/../mips-linux-gnu/libc/el/usr/lib/libc.a)gconv_db.o
(/opt/mips-4.3/bin/../mips-linux-gnu/libc/el/usr/lib/libc.a)gconv_conf.o
(/opt/mips-4.3/bin/../mips-linux-gnu/libc/el/usr/lib/libc.a)gconv_builtin.o
(/opt/mips-4.3/bin/../mips-linux-gnu/libc/el/usr/lib/libc.a)gconv_simple.o
(/opt/mips-4.3/bin/../mips-linux-gnu/libc/el/usr/lib/libc.a)gconv_cache.o
(/opt/mips-4.3/bin/../mips-linux-gnu/libc/el/usr/lib/libc.a)gconv_dl.o
(/opt/mips-4.3/bin/../mips-linux-gnu/libc/el/usr/lib/libc.a)setlocale.o
(/opt/mips-4.3/bin/../mips-linux-gnu/libc/el/usr/lib/libc.a)findlocale.o
(/opt/mips-4.3/bin/../mips-linux-gnu/libc/el/usr/lib/libc.a)loadlocale.o
(/opt/mips-4.3/bin/../mips-linux-gnu/libc/el/usr/lib/libc.a)loadarchive.o
(/opt/mips-4.3/bin/../mips-linux-gnu/libc/el/usr/lib/libc.a)C-ctype.o
(/opt/mips-4.3/bin/../mips-linux-gnu/libc/el/usr/lib/libc.a)SYS_libc.o
(/opt/mips-4.3/bin/../mips-linux-gnu/libc/el/usr/lib/libc.a)C_name.o
(/opt/mips-4.3/bin/../mips-linux-gnu/libc/el/usr/lib/libc.a)xlocale.o
(/opt/mips-4.3/bin/../mips-linux-gnu/libc/el/usr/lib/libc.a)global-locale.o
(/opt/mips-4.3/bin/../mips-linux-gnu/libc/el/usr/lib/libc.a)coll-lookup.o
(/opt/mips-4.3/bin/../mips-linux-gnu/libc/el/usr/lib/libc.a)lc-ctype.o
(/opt/mips-4.3/bin/../mips-linux-gnu/libc/el/usr/lib/libc.a)lc-collate.o
(/opt/mips-4.3/bin/../mips-linux-gnu/libc/el/usr/lib/libc.a)C-messages.o
(/opt/mips-4.3/bin/../mips-linux-gnu/libc/el/usr/lib/libc.a)C-monetary.o
(/opt/mips-4.3/bin/../mips-linux-gnu/libc/el/usr/lib/libc.a)C-numeric.o
(/opt/mips-4.3/bin/../mips-linux-gnu/libc/el/usr/lib/libc.a)C-paper.o
(/opt/mips-4.3/bin/../mips-linux-gnu/libc/el/usr/lib/libc.a)C-name.o
(/opt/mips-4.3/bin/../mips-linux-gnu/libc/el/usr/lib/libc.a)C-address.o
(/opt/mips-4.3/bin/../mips-linux-gnu/libc/el/usr/lib/libc.a)C-telephone.o
(/opt/mips-4.3/bin/../mips-linux-gnu/libc/el/usr/lib/libc.a)C-measurement.o
(/opt/mips-4.3/bin/../mips-linux-gnu/libc/el/usr/lib/libc.a)C-identification.o
(/opt/mips-4.3/bin/../mips-linux-gnu/libc/el/usr/lib/libc.a)C-collate.o
(/opt/mips-4.3/bin/../mips-linux-gnu/libc/el/usr/lib/libc.a)assert.o
(/opt/mips-4.3/bin/../mips-linux-gnu/libc/el/usr/lib/libc.a)dcgettext.o
(/opt/mips-4.3/bin/../mips-linux-gnu/libc/el/usr/lib/libc.a)dcigettext.o
(/opt/mips-4.3/bin/../mips-linux-gnu/libc/el/usr/lib/libc.a)finddomain.o
(/opt/mips-4.3/bin/../mips-linux-gnu/libc/el/usr/lib/libc.a)loadmsgcat.o
(/opt/mips-4.3/bin/../mips-linux-gnu/libc/el/usr/lib/libc.a)localealias.o
(/opt/mips-4.3/bin/../mips-linux-gnu/libc/el/usr/lib/libc.a)l10nflist.o
(/opt/mips-4.3/bin/../mips-linux-gnu/libc/el/usr/lib/libc.a)explodename.o
(/opt/mips-4.3/bin/../mips-linux-gnu/libc/el/usr/lib/libc.a)plural.o
(/opt/mips-4.3/bin/../mips-linux-gnu/libc/el/usr/lib/libc.a)plural-exp.o
(/opt/mips-4.3/bin/../mips-linux-gnu/libc/el/usr/lib/libc.a)hash-string.o
(/opt/mips-4.3/bin/../mips-linux-gnu/libc/el/usr/lib/libc.a)setfpucw.o
(/opt/mips-4.3/bin/../mips-linux-gnu/libc/el/usr/lib/libc.a)fpu_control.o
(/opt/mips-4.3/bin/../mips-linux-gnu/libc/el/usr/lib/libc.a)setjmp.o
(/opt/mips-4.3/bin/../mips-linux-gnu/libc/el/usr/lib/libc.a)setjmp_aux.o
(/opt/mips-4.3/bin/../mips-linux-gnu/libc/el/usr/lib/libc.a)qsort.o
(/opt/mips-4.3/bin/../mips-linux-gnu/libc/el/usr/lib/libc.a)secure-getenv.o
(/opt/mips-4.3/bin/../mips-linux-gnu/libc/el/usr/lib/libc.a)lrand48_r.o
(/opt/mips-4.3/bin/../mips-linux-gnu/libc/el/usr/lib/libc.a)nrand48_r.o
(/opt/mips-4.3/bin/../mips-linux-gnu/libc/el/usr/lib/libc.a)srand48_r.o
(/opt/mips-4.3/bin/../mips-linux-gnu/libc/el/usr/lib/libc.a)drand48-iter.o
(/opt/mips-4.3/bin/../mips-linux-gnu/libc/el/usr/lib/libc.a)_itoa.o
(/opt/mips-4.3/bin/../mips-linux-gnu/libc/el/usr/lib/libc.a)itoa-digits.o
(/opt/mips-4.3/bin/../mips-linux-gnu/libc/el/usr/lib/libc.a)itoa-udigits.o
(/opt/mips-4.3/bin/../mips-linux-gnu/libc/el/usr/lib/libc.a)vfprintf.o
(/opt/mips-4.3/bin/../mips-linux-gnu/libc/el/usr/lib/libc.a)printf_fp.o
(/opt/mips-4.3/bin/../mips-linux-gnu/libc/el/usr/lib/libc.a)reg-printf.o
(/opt/mips-4.3/bin/../mips-linux-gnu/libc/el/usr/lib/libc.a)printf_fphex.o
(/opt/mips-4.3/bin/../mips-linux-gnu/libc/el/usr/lib/libc.a)fprintf.o
(/opt/mips-4.3/bin/../mips-linux-gnu/libc/el/usr/lib/libc.a)asprintf.o
(/opt/mips-4.3/bin/../mips-linux-gnu/libc/el/usr/lib/libc.a)dprintf.o
(/opt/mips-4.3/bin/../mips-linux-gnu/libc/el/usr/lib/libc.a)vfscanf.o
(/opt/mips-4.3/bin/../mips-linux-gnu/libc/el/usr/lib/libc.a)tempname.o
(/opt/mips-4.3/bin/../mips-linux-gnu/libc/el/usr/lib/libc.a)getline.o
(/opt/mips-4.3/bin/../mips-linux-gnu/libc/el/usr/lib/libc.a)funlockfile.o
(/opt/mips-4.3/bin/../mips-linux-gnu/libc/el/usr/lib/libc.a)vfwprintf.o
(/opt/mips-4.3/bin/../mips-linux-gnu/libc/el/usr/lib/libc.a)errlist.o
(/opt/mips-4.3/bin/../mips-linux-gnu/libc/el/usr/lib/libc.a)printf-parsemb.o
(/opt/mips-4.3/bin/../mips-linux-gnu/libc/el/usr/lib/libc.a)printf-parsewc.o
(/opt/mips-4.3/bin/../mips-linux-gnu/libc/el/usr/lib/libc.a)filedoalloc.o
(/opt/mips-4.3/bin/../mips-linux-gnu/libc/el/usr/lib/libc.a)ioftell.o
(/opt/mips-4.3/bin/../mips-linux-gnu/libc/el/usr/lib/libc.a)iofwrite.o
(/opt/mips-4.3/bin/../mips-linux-gnu/libc/el/usr/lib/libc.a)iogetdelim.o
(/opt/mips-4.3/bin/../mips-linux-gnu/libc/el/usr/lib/libc.a)iopadn.o
(/opt/mips-4.3/bin/../mips-linux-gnu/libc/el/usr/lib/libc.a)ioseekoff.o
(/opt/mips-4.3/bin/../mips-linux-gnu/libc/el/usr/lib/libc.a)iosetvbuf.o
(/opt/mips-4.3/bin/../mips-linux-gnu/libc/el/usr/lib/libc.a)iofwide.o
(/opt/mips-4.3/bin/../mips-linux-gnu/libc/el/usr/lib/libc.a)memstream.o
(/opt/mips-4.3/bin/../mips-linux-gnu/libc/el/usr/lib/libc.a)vasprintf.o
(/opt/mips-4.3/bin/../mips-linux-gnu/libc/el/usr/lib/libc.a)iovdprintf.o
(/opt/mips-4.3/bin/../mips-linux-gnu/libc/el/usr/lib/libc.a)ftello.o
(/opt/mips-4.3/bin/../mips-linux-gnu/libc/el/usr/lib/libc.a)iofread_u.o
(/opt/mips-4.3/bin/../mips-linux-gnu/libc/el/usr/lib/libc.a)iofgets_u.o
(/opt/mips-4.3/bin/../mips-linux-gnu/libc/el/usr/lib/libc.a)iofputs_u.o
(/opt/mips-4.3/bin/../mips-linux-gnu/libc/el/usr/lib/libc.a)wfiledoalloc.o
(/opt/mips-4.3/bin/../mips-linux-gnu/libc/el/usr/lib/libc.a)iowpadn.o
(/opt/mips-4.3/bin/../mips-linux-gnu/libc/el/usr/lib/libc.a)wgenops.o
(/opt/mips-4.3/bin/../mips-linux-gnu/libc/el/usr/lib/libc.a)sdlerror.o
(/opt/mips-4.3/bin/../mips-linux-gnu/libc/el/usr/lib/libc.a)sdladdr.o
(/opt/mips-4.3/bin/../mips-linux-gnu/libc/el/usr/lib/libc.a)sdladdr1.o
(/opt/mips-4.3/bin/../mips-linux-gnu/libc/el/usr/lib/libc.a)sdlinfo.o
(/opt/mips-4.3/bin/../mips-linux-gnu/libc/el/usr/lib/libc.a)sdlmopen.o
(/opt/mips-4.3/bin/../mips-linux-gnu/libc/el/usr/lib/libc.a)strndup.o
(/opt/mips-4.3/bin/../mips-linux-gnu/libc/el/usr/lib/libc.a)strspn.o
(/opt/mips-4.3/bin/../mips-linux-gnu/libc/el/usr/lib/libc.a)stpcpy.o
(/opt/mips-4.3/bin/../mips-linux-gnu/libc/el/usr/lib/libc.a)argz-count.o
(/opt/mips-4.3/bin/../mips-linux-gnu/libc/el/usr/lib/libc.a)argz-ctsep.o
(/opt/mips-4.3/bin/../mips-linux-gnu/libc/el/usr/lib/libc.a)argz-stringify.o
(/opt/mips-4.3/bin/../mips-linux-gnu/libc/el/usr/lib/libc.a)argz-addsep.o
(/opt/mips-4.3/bin/../mips-linux-gnu/libc/el/usr/lib/libc.a)memrchr.o
(/opt/mips-4.3/bin/../mips-linux-gnu/libc/el/usr/lib/libc.a)wmemcpy.o
(/opt/mips-4.3/bin/../mips-linux-gnu/libc/el/usr/lib/libc.a)wmemset.o
(/opt/mips-4.3/bin/../mips-linux-gnu/libc/el/usr/lib/libc.a)wcscat.o
(/opt/mips-4.3/bin/../mips-linux-gnu/libc/el/usr/lib/libc.a)wcschr.o
(/opt/mips-4.3/bin/../mips-linux-gnu/libc/el/usr/lib/libc.a)wcslen.o
(/opt/mips-4.3/bin/../mips-linux-gnu/libc/el/usr/lib/libc.a)wmemchr.o
(/opt/mips-4.3/bin/../mips-linux-gnu/libc/el/usr/lib/libc.a)wmemmove.o
(/opt/mips-4.3/bin/../mips-linux-gnu/libc/el/usr/lib/libc.a)btowc.o
(/opt/mips-4.3/bin/../mips-linux-gnu/libc/el/usr/lib/libc.a)mbrlen.o
(/opt/mips-4.3/bin/../mips-linux-gnu/libc/el/usr/lib/libc.a)mbrtowc.o
(/opt/mips-4.3/bin/../mips-linux-gnu/libc/el/usr/lib/libc.a)wcrtomb.o
(/opt/mips-4.3/bin/../mips-linux-gnu/libc/el/usr/lib/libc.a)mbsrtowcs.o
(/opt/mips-4.3/bin/../mips-linux-gnu/libc/el/usr/lib/libc.a)wcsrtombs.o
(/opt/mips-4.3/bin/../mips-linux-gnu/libc/el/usr/lib/libc.a)mbsnrtowcs.o
(/opt/mips-4.3/bin/../mips-linux-gnu/libc/el/usr/lib/libc.a)wcsnlen.o
(/opt/mips-4.3/bin/../mips-linux-gnu/libc/el/usr/lib/libc.a)wcschrnul.o
(/opt/mips-4.3/bin/../mips-linux-gnu/libc/el/usr/lib/libc.a)wcscoll.o
(/opt/mips-4.3/bin/../mips-linux-gnu/libc/el/usr/lib/libc.a)wcscoll_l.o
(/opt/mips-4.3/bin/../mips-linux-gnu/libc/el/usr/lib/libc.a)mbsrtowcs_l.o
(/opt/mips-4.3/bin/../mips-linux-gnu/libc/el/usr/lib/libc.a)offtime.o
(/opt/mips-4.3/bin/../mips-linux-gnu/libc/el/usr/lib/libc.a)asctime.o
(/opt/mips-4.3/bin/../mips-linux-gnu/libc/el/usr/lib/libc.a)mktime.o
(/opt/mips-4.3/bin/../mips-linux-gnu/libc/el/usr/lib/libc.a)readdir64.o
(/opt/mips-4.3/bin/../mips-linux-gnu/libc/el/usr/lib/libc.a)brk.o
(/opt/mips-4.3/bin/../mips-linux-gnu/libc/el/usr/lib/libc.a)readv.o
(/opt/mips-4.3/bin/../mips-linux-gnu/libc/el/usr/lib/libc.a)writev.o
(/opt/mips-4.3/bin/../mips-linux-gnu/libc/el/usr/lib/libc.a)gethostname.o
(/opt/mips-4.3/bin/../mips-linux-gnu/libc/el/usr/lib/libc.a)getpeername.o
(/opt/mips-4.3/bin/../mips-linux-gnu/libc/el/usr/lib/libc.a)recvmsg.o
(/opt/mips-4.3/bin/../mips-linux-gnu/libc/el/usr/lib/libc.a)opensock.o
(/opt/mips-4.3/bin/../mips-linux-gnu/libc/el/usr/lib/libc.a)wctrans.o
(/opt/mips-4.3/bin/../mips-linux-gnu/libc/el/usr/lib/libc.a)towctrans.o
(/opt/mips-4.3/bin/../mips-linux-gnu/libc/el/usr/lib/libc.a)inet_ntop.o
(/opt/mips-4.3/bin/../mips-linux-gnu/libc/el/usr/lib/libc.a)res_init.o
(/opt/mips-4.3/bin/../mips-linux-gnu/libc/el/usr/lib/libc.a)res_hconf.o
(/opt/mips-4.3/bin/../mips-linux-gnu/libc/el/usr/lib/libc.a)service-lookup.o
(/opt/mips-4.3/bin/../mips-linux-gnu/libc/el/usr/lib/libc.a)digits_dots.o
(/opt/mips-4.3/bin/../mips-linux-gnu/libc/el/usr/lib/libc.a)readonly-area.o
(/opt/mips-4.3/bin/../mips-linux-gnu/libc/el/usr/lib/libc.a)getsrvbypt_r.o
(/opt/mips-4.3/bin/../mips-linux-gnu/libc/el/usr/lib/libc.a)ifreq.o
(/opt/mips-4.3/bin/../mips-linux-gnu/libc/el/usr/lib/libc.a)auth_none.o
(/opt/mips-4.3/bin/../mips-linux-gnu/libc/el/usr/lib/libc.a)clnt_gen.o
(/opt/mips-4.3/bin/../mips-linux-gnu/libc/el/usr/lib/libc.a)clnt_simp.o
(/opt/mips-4.3/bin/../mips-linux-gnu/libc/el/usr/lib/libc.a)rpc_dtable.o
(/opt/mips-4.3/bin/../mips-linux-gnu/libc/el/usr/lib/libc.a)pmap_clnt.o
(/opt/mips-4.3/bin/../mips-linux-gnu/libc/el/usr/lib/libc.a)publickey.o
(/opt/mips-4.3/bin/../mips-linux-gnu/libc/el/usr/lib/libc.a)netname.o
(/opt/mips-4.3/bin/../mips-linux-gnu/libc/el/usr/lib/libc.a)clnt_unix.o
(/opt/mips-4.3/bin/../mips-linux-gnu/libc/el/usr/lib/libc.a)nis_hash.o
(/opt/mips-4.3/bin/../mips-linux-gnu/libc/el/usr/lib/libc.a)dl-load.o
(/opt/mips-4.3/bin/../mips-linux-gnu/libc/el/usr/lib/libc.a)dl-cache.o
(/opt/mips-4.3/bin/../mips-linux-gnu/libc/el/usr/lib/libc.a)dl-lookup.o
(/opt/mips-4.3/bin/../mips-linux-gnu/libc/el/usr/lib/libc.a)dl-object.o
(/opt/mips-4.3/bin/../mips-linux-gnu/libc/el/usr/lib/libc.a)dl-reloc.o
(/opt/mips-4.3/bin/../mips-linux-gnu/libc/el/usr/lib/libc.a)dl-error.o
(/opt/mips-4.3/bin/../mips-linux-gnu/libc/el/usr/lib/libc.a)dl-debug.o
(/opt/mips-4.3/bin/../mips-linux-gnu/libc/el/usr/lib/libc.a)dl-misc.o
(/opt/mips-4.3/bin/../mips-linux-gnu/libc/el/usr/lib/libc.a)dl-profile.o
(/opt/mips-4.3/bin/../mips-linux-gnu/libc/el/usr/lib/libc.a)dl-tls.o
(/opt/mips-4.3/bin/../mips-linux-gnu/libc/el/usr/lib/libc.a)dl-origin.o
(/opt/mips-4.3/bin/../mips-linux-gnu/libc/el/usr/lib/libc.a)dl-execstack.o
(/opt/mips-4.3/bin/../mips-linux-gnu/libc/el/usr/lib/libc.a)dl-open.o
(/opt/mips-4.3/bin/../mips-linux-gnu/libc/el/usr/lib/libc.a)dl-close.o
(/opt/mips-4.3/bin/../mips-linux-gnu/libc/el/usr/lib/libc.a)dl-trampoline.o
(/opt/mips-4.3/bin/../mips-linux-gnu/libc/el/usr/lib/libc.a)dl-tsd.o
(/opt/mips-4.3/bin/../mips-linux-gnu/libc/el/usr/lib/libc.a)gconv_open.o
(/opt/mips-4.3/bin/../mips-linux-gnu/libc/el/usr/lib/libc.a)gconv.o
(/opt/mips-4.3/bin/../mips-linux-gnu/libc/el/usr/lib/libc.a)gconv_close.o
(/opt/mips-4.3/bin/../mips-linux-gnu/libc/el/usr/lib/libc.a)gconv_trans.o
(/opt/mips-4.3/bin/../mips-linux-gnu/libc/el/usr/lib/libc.a)catnames.o
(/opt/mips-4.3/bin/../mips-linux-gnu/libc/el/usr/lib/libc.a)C-time.o
(/opt/mips-4.3/bin/../mips-linux-gnu/libc/el/usr/lib/libc.a)lc-monetary.o
(/opt/mips-4.3/bin/../mips-linux-gnu/libc/el/usr/lib/libc.a)lc-numeric.o
(/opt/mips-4.3/bin/../mips-linux-gnu/libc/el/usr/lib/libc.a)localename.o
(/opt/mips-4.3/bin/../mips-linux-gnu/libc/el/usr/lib/libc.a)s_isinf.o
(/opt/mips-4.3/bin/../mips-linux-gnu/libc/el/usr/lib/libc.a)s_isnan.o
(/opt/mips-4.3/bin/../mips-linux-gnu/libc/el/usr/lib/libc.a)s_signbit.o
(/opt/mips-4.3/bin/../mips-linux-gnu/libc/el/usr/lib/libc.a)sigjmp.o
(/opt/mips-4.3/bin/../mips-linux-gnu/libc/el/usr/lib/libc.a)cmp.o
(/opt/mips-4.3/bin/../mips-linux-gnu/libc/el/usr/lib/libc.a)divrem.o
(/opt/mips-4.3/bin/../mips-linux-gnu/libc/el/usr/lib/libc.a)lshift.o
(/opt/mips-4.3/bin/../mips-linux-gnu/libc/el/usr/lib/libc.a)rshift.o
(/opt/mips-4.3/bin/../mips-linux-gnu/libc/el/usr/lib/libc.a)mul.o
(/opt/mips-4.3/bin/../mips-linux-gnu/libc/el/usr/lib/libc.a)mul_1.o
(/opt/mips-4.3/bin/../mips-linux-gnu/libc/el/usr/lib/libc.a)mul_n.o
(/opt/mips-4.3/bin/../mips-linux-gnu/libc/el/usr/lib/libc.a)sub_n.o
(/opt/mips-4.3/bin/../mips-linux-gnu/libc/el/usr/lib/libc.a)submul_1.o
(/opt/mips-4.3/bin/../mips-linux-gnu/libc/el/usr/lib/libc.a)dbl2mpn.o
(/opt/mips-4.3/bin/../mips-linux-gnu/libc/el/usr/lib/libc.a)strtof.o
(/opt/mips-4.3/bin/../mips-linux-gnu/libc/el/usr/lib/libc.a)strtod.o
(/opt/mips-4.3/bin/../mips-linux-gnu/libc/el/usr/lib/libc.a)strtold.o
(/opt/mips-4.3/bin/../mips-linux-gnu/libc/el/usr/lib/libc.a)strtof_l.o
(/opt/mips-4.3/bin/../mips-linux-gnu/libc/el/usr/lib/libc.a)strtod_l.o
(/opt/mips-4.3/bin/../mips-linux-gnu/libc/el/usr/lib/libc.a)strtold_l.o
(/opt/mips-4.3/bin/../mips-linux-gnu/libc/el/usr/lib/libc.a)tens_in_limb.o
(/opt/mips-4.3/bin/../mips-linux-gnu/libc/el/usr/lib/libc.a)fpioconst.o
(/opt/mips-4.3/bin/../mips-linux-gnu/libc/el/usr/lib/libc.a)mp_clz_tab.o
(/opt/mips-4.3/bin/../mips-linux-gnu/libc/el/usr/lib/libc.a)_itowa.o
(/opt/mips-4.3/bin/../mips-linux-gnu/libc/el/usr/lib/libc.a)itowa-digits.o
(/opt/mips-4.3/bin/../mips-linux-gnu/libc/el/usr/lib/libc.a)sprintf.o
(/opt/mips-4.3/bin/../mips-linux-gnu/libc/el/usr/lib/libc.a)iovsprintf.o
(/opt/mips-4.3/bin/../mips-linux-gnu/libc/el/usr/lib/libc.a)sdlopen.o
(/opt/mips-4.3/bin/../mips-linux-gnu/libc/el/usr/lib/libc.a)sdlclose.o
(/opt/mips-4.3/bin/../mips-linux-gnu/libc/el/usr/lib/libc.a)sdlsym.o
(/opt/mips-4.3/bin/../mips-linux-gnu/libc/el/usr/lib/libc.a)sdlvsym.o
(/opt/mips-4.3/bin/../mips-linux-gnu/libc/el/usr/lib/libc.a)strcasecmp_l.o
(/opt/mips-4.3/bin/../mips-linux-gnu/libc/el/usr/lib/libc.a)strncase_l.o
(/opt/mips-4.3/bin/../mips-linux-gnu/libc/el/usr/lib/libc.a)wcscmp.o
(/opt/mips-4.3/bin/../mips-linux-gnu/libc/el/usr/lib/libc.a)getdents64.o
(/opt/mips-4.3/bin/../mips-linux-gnu/libc/el/usr/lib/libc.a)sendmsg.o
(/opt/mips-4.3/bin/../mips-linux-gnu/libc/el/usr/lib/libc.a)profil.o
(/opt/mips-4.3/bin/../mips-linux-gnu/libc/el/usr/lib/libc.a)prof-freq.o
(/opt/mips-4.3/bin/../mips-linux-gnu/libc/el/usr/lib/libc.a)key-lookup.o
(/opt/mips-4.3/bin/../mips-linux-gnu/libc/el/usr/lib/libc.a)getprtname_r.o
(/opt/mips-4.3/bin/../mips-linux-gnu/libc/el/usr/lib/libc.a)dl-deps.o
(/opt/mips-4.3/bin/../mips-linux-gnu/libc/el/usr/lib/libc.a)dl-runtime.o
(/opt/mips-4.3/bin/../mips-linux-gnu/libc/el/usr/lib/libc.a)dl-init.o
(/opt/mips-4.3/bin/../mips-linux-gnu/libc/el/usr/lib/libc.a)dl-fini.o
(/opt/mips-4.3/bin/../mips-linux-gnu/libc/el/usr/lib/libc.a)dl-version.o
(/opt/mips-4.3/bin/../mips-linux-gnu/libc/el/usr/lib/libc.a)dl-sym.o
(/opt/mips-4.3/bin/../mips-linux-gnu/libc/el/usr/lib/libc.a)add_n.o
(/opt/mips-4.3/bin/../mips-linux-gnu/libc/el/usr/lib/libc.a)addmul_1.o
(/opt/mips-4.3/bin/../mips-linux-gnu/libc/el/usr/lib/libc.a)mpn2flt.o
(/opt/mips-4.3/bin/../mips-linux-gnu/libc/el/usr/lib/libc.a)mpn2dbl.o
(/opt/mips-4.3/bin/../mips-linux-gnu/libc/el/usr/lib/libc.a)setitimer.o
(/opt/mips-4.3/bin/../mips-linux-gnu/libc/el/usr/lib/libc.a)proto-lookup.o
(/opt/mips-4.3/bin/../lib/gcc/mips-linux-gnu/4.3.2/el/libgcc.a)_umoddi3.o
(/opt/mips-4.3/bin/../lib/gcc/mips-linux-gnu/4.3.2/el/libgcc_eh.a)unwind-dw2.o
(/opt/mips-4.3/bin/../lib/gcc/mips-linux-gnu/4.3.2/el/libgcc_eh.a)unwind-dw2-fde-glibc.o
(/opt/mips-4.3/bin/../lib/gcc/mips-linux-gnu/4.3.2/el/libgcc_eh.a)unwind-c.o
(/opt/mips-4.3/bin/../mips-linux-gnu/libc/el/usr/lib/libc.a)dl-iteratephdr.o
attempt to open /opt/mips-4.3/bin/../lib/gcc/mips-linux-gnu/4.3.2/el/crtend.o succeeded
/opt/mips-4.3/bin/../lib/gcc/mips-linux-gnu/4.3.2/el/crtend.o
attempt to open /opt/mips-4.3/bin/../mips-linux-gnu/libc/el/usr/lib/crtn.o succeeded
/opt/mips-4.3/bin/../mips-linux-gnu/libc/el/usr/lib/crtn.olibbb/lib.a(bb_pwd.o): In function `bb_getgrgid':
bb_pwd.c:(.text.bb_getgrgid+0x4): warning: Using 'getgrgid' in statically linked applications requires at runtime the shared libraries from the glibc version used for linking
util-linux/lib.a(mdev.o): In function `make_device':
mdev.c:(.text.make_device+0x284): warning: Using 'getgrnam' in statically linked applications requires at runtime the shared libraries from the glibc version used for linking
mdev.c:(.text.make_device+0x24c): warning: Using 'getpwnam' in statically linked applications requires at runtime the shared libraries from the glibc version used for linking
libbb/lib.a(bb_pwd.o): In function `bb_getpwuid':
bb_pwd.c:(.text.bb_getpwuid+0x4): warning: Using 'getpwuid' in statically linked applications requires at runtime the shared libraries from the glibc version used for linking
libbb/lib.a(xconnect.o): In function `str2sockaddr':
xconnect.c:(.text.str2sockaddr+0x10c): warning: Using 'getaddrinfo' in statically linked applications requires at runtime the shared libraries from the glibc version used for linking
libbb/lib.a(inet_common.o): In function `INET_rresolve':
inet_common.c:(.text.INET_rresolve+0xfc): warning: Using 'gethostbyaddr' in statically linked applications requires at runtime the shared libraries from the glibc version used for linking
util-linux/lib.a(mount.o): In function `singlemount':
mount.c:(.text.singlemount+0x2a8): warning: Using 'gethostbyname' in statically linked applications requires at runtime the shared libraries from the glibc version used for linking
libbb/lib.a(xconnect.o): In function `bb_lookup_port':
xconnect.c:(.text.bb_lookup_port+0x6c): warning: Using 'getservbyname' in statically linked applications requires at runtime the shared libraries from the glibc version used for linking

